<?xml version="1.0" encoding="UTF-8"?>
<coverage generated="1706099741799" clover="3.2.0">
  <project timestamp="1706099741799" name="All files">
    <metrics statements="47" coveredstatements="46" conditionals="28" coveredconditionals="23" methods="18" coveredmethods="17" elements="93" coveredelements="86" complexity="0" loc="47" ncloc="47" packages="5" files="5" classes="5"/>
    <package name="admin.user">
      <metrics statements="4" coveredstatements="4" conditionals="2" coveredconditionals="2" methods="1" coveredmethods="1"/>
      <file name="User.jsx" path="/Users/lorenzomasselli/code/LorenzoMasselli/react-restaurant-frontend/frontend/src/features/admin/user/User.jsx">
        <metrics statements="4" coveredstatements="4" conditionals="2" coveredconditionals="2" methods="1" coveredmethods="1"/>
        <line num="8" count="2" type="stmt"/>
        <line num="10" count="5" type="cond" truecount="2" falsecount="0"/>
        <line num="11" count="1" type="stmt"/>
        <line num="21" count="4" type="stmt"/>
      </file>
    </package>
    <package name="appRoutes">
      <metrics statements="5" coveredstatements="5" conditionals="4" coveredconditionals="4" methods="3" coveredmethods="3"/>
      <file name="AppRoutes.jsx" path="/Users/lorenzomasselli/code/LorenzoMasselli/react-restaurant-frontend/frontend/src/features/appRoutes/AppRoutes.jsx">
        <metrics statements="5" coveredstatements="5" conditionals="4" coveredconditionals="4" methods="3" coveredmethods="3"/>
        <line num="11" count="1" type="stmt"/>
        <line num="12" count="1" type="stmt"/>
        <line num="13" count="1" type="stmt"/>
        <line num="16" count="1" type="stmt"/>
        <line num="20" count="4" type="stmt"/>
      </file>
    </package>
    <package name="bookings.forms">
      <metrics statements="33" coveredstatements="32" conditionals="12" coveredconditionals="9" methods="11" coveredmethods="10"/>
      <file name="NewBookingForm.jsx" path="/Users/lorenzomasselli/code/LorenzoMasselli/react-restaurant-frontend/frontend/src/features/bookings/forms/NewBookingForm.jsx">
        <metrics statements="33" coveredstatements="32" conditionals="12" coveredconditionals="9" methods="11" coveredmethods="10"/>
        <line num="7" count="17" type="stmt"/>
        <line num="8" count="17" type="stmt"/>
        <line num="9" count="17" type="stmt"/>
        <line num="10" count="17" type="stmt"/>
        <line num="11" count="17" type="stmt"/>
        <line num="12" count="17" type="stmt"/>
        <line num="13" count="17" type="stmt"/>
        <line num="14" count="17" type="stmt"/>
        <line num="15" count="17" type="stmt"/>
        <line num="21" count="17" type="stmt"/>
        <line num="22" count="5" type="cond" truecount="2" falsecount="0"/>
        <line num="25" count="17" type="stmt"/>
        <line num="27" count="17" type="stmt"/>
        <line num="28" count="1" type="stmt"/>
        <line num="29" count="1" type="stmt"/>
        <line num="31" count="1" type="stmt"/>
        <line num="33" count="1" type="stmt"/>
        <line num="41" count="1" type="cond" truecount="1" falsecount="1"/>
        <line num="42" count="1" type="stmt"/>
        <line num="43" count="1" type="stmt"/>
        <line num="44" count="1" type="stmt"/>
        <line num="45" count="1" type="stmt"/>
        <line num="49" count="1" type="cond" truecount="2" falsecount="2"/>
        <line num="52" count="1" type="stmt"/>
        <line num="55" count="0" type="stmt"/>
        <line num="59" count="17" type="stmt"/>
        <line num="71" count="1" type="stmt"/>
        <line num="82" count="1" type="stmt"/>
        <line num="93" count="1" type="stmt"/>
        <line num="105" count="1" type="stmt"/>
        <line num="114" count="1" type="stmt"/>
        <line num="138" count="1" type="stmt"/>
        <line num="171" count="1" type="stmt"/>
      </file>
    </package>
    <package name="bookings.pages">
      <metrics statements="1" coveredstatements="1" conditionals="0" coveredconditionals="0" methods="1" coveredmethods="1"/>
      <file name="NewBookingFormPage.jsx" path="/Users/lorenzomasselli/code/LorenzoMasselli/react-restaurant-frontend/frontend/src/features/bookings/pages/NewBookingFormPage.jsx">
        <metrics statements="1" coveredstatements="1" conditionals="0" coveredconditionals="0" methods="1" coveredmethods="1"/>
        <line num="7" count="1" type="stmt"/>
      </file>
    </package>
    <package name="navbar">
      <metrics statements="4" coveredstatements="4" conditionals="10" coveredconditionals="8" methods="2" coveredmethods="2"/>
      <file name="Navbar.jsx" path="/Users/lorenzomasselli/code/LorenzoMasselli/react-restaurant-frontend/frontend/src/features/navbar/Navbar.jsx">
        <metrics statements="4" coveredstatements="4" conditionals="10" coveredconditionals="8" methods="2" coveredmethods="2"/>
        <line num="8" count="10" type="stmt"/>
        <line num="11" count="10" type="stmt"/>
        <line num="37" count="1" type="stmt"/>
        <line num="47" count="1" type="stmt"/>
      </file>
    </package>
  </project>
</coverage>
