{"/Users/lorenzomasselli/code/LorenzoMasselli/react-restaurant-frontend/frontend/src/features/admin/user/User.jsx": {"path":"/Users/lorenzomasselli/code/LorenzoMasselli/react-restaurant-frontend/frontend/src/features/admin/user/User.jsx","statementMap":{"0":{"start":{"line":8,"column":13},"end":{"line":31,"column":1}},"1":{"start":{"line":10,"column":4},"end":{"line":20,"column":9}},"2":{"start":{"line":11,"column":8},"end":{"line":20,"column":9}},"3":{"start":{"line":21,"column":4},"end":{"line":30,"column":5}}},"fnMap":{"0":{"name":"(anonymous_0)","decl":{"start":{"line":8,"column":13},"end":{"line":8,"column":14}},"loc":{"start":{"line":8,"column":42},"end":{"line":31,"column":1}},"line":8}},"branchMap":{"0":{"loc":{"start":{"line":10,"column":4},"end":{"line":20,"column":9}},"type":"if","locations":[{"start":{"line":10,"column":4},"end":{"line":20,"column":9}},{"start":{},"end":{}}],"line":10}},"s":{"0":2,"1":5,"2":1,"3":4},"f":{"0":5},"b":{"0":[1,4]},"_coverageSchema":"1a1c01bbd47fc00a2c39e90264f33305004495a9","hash":"a25025eaf5587b5c3c0264208fea6cbba2c80bf4"}
,"/Users/lorenzomasselli/code/LorenzoMasselli/react-restaurant-frontend/frontend/src/features/appRoutes/AppRoutes.jsx": {"path":"/Users/lorenzomasselli/code/LorenzoMasselli/react-restaurant-frontend/frontend/src/features/appRoutes/AppRoutes.jsx","statementMap":{"0":{"start":{"line":11,"column":21},"end":{"line":11,"column":34}},"1":{"start":{"line":12,"column":4},"end":{"line":14,"column":19}},"2":{"start":{"line":13,"column":6},"end":{"line":13,"column":57}},"3":{"start":{"line":16,"column":4},"end":{"line":16,"column":16}},"4":{"start":{"line":20,"column":4},"end":{"line":36,"column":5}}},"fnMap":{"0":{"name":"NotFoundRedirect","decl":{"start":{"line":10,"column":9},"end":{"line":10,"column":25}},"loc":{"start":{"line":10,"column":28},"end":{"line":17,"column":3}},"line":10},"1":{"name":"(anonymous_1)","decl":{"start":{"line":12,"column":14},"end":{"line":12,"column":15}},"loc":{"start":{"line":12,"column":20},"end":{"line":14,"column":5}},"line":12},"2":{"name":"AppRoutes","decl":{"start":{"line":19,"column":9},"end":{"line":19,"column":18}},"loc":{"start":{"line":19,"column":158},"end":{"line":37,"column":1}},"line":19}},"branchMap":{"0":{"loc":{"start":{"line":24,"column":13},"end":{"line":31,"column":19}},"type":"cond-expr","locations":[{"start":{"line":25,"column":16},"end":{"line":30,"column":19}},{"start":{"line":31,"column":15},"end":{"line":31,"column":19}}],"line":24},"1":{"loc":{"start":{"line":24,"column":13},"end":{"line":24,"column":39}},"type":"binary-expr","locations":[{"start":{"line":24,"column":13},"end":{"line":24,"column":21}},{"start":{"line":24,"column":25},"end":{"line":24,"column":39}}],"line":24}},"s":{"0":1,"1":1,"2":1,"3":1,"4":4},"f":{"0":1,"1":1,"2":4},"b":{"0":[1,3],"1":[4,1]},"_coverageSchema":"1a1c01bbd47fc00a2c39e90264f33305004495a9","hash":"d3b8b7d6cfe60ad57f963afe985095b38b181a70"}
,"/Users/lorenzomasselli/code/LorenzoMasselli/react-restaurant-frontend/frontend/src/features/bookings/forms/NewBookingForm.jsx": {"path":"/Users/lorenzomasselli/code/LorenzoMasselli/react-restaurant-frontend/frontend/src/features/bookings/forms/NewBookingForm.jsx","statementMap":{"0":{"start":{"line":7,"column":28},"end":{"line":7,"column":40}},"1":{"start":{"line":8,"column":36},"end":{"line":8,"column":48}},"2":{"start":{"line":9,"column":30},"end":{"line":9,"column":42}},"3":{"start":{"line":10,"column":30},"end":{"line":10,"column":42}},"4":{"start":{"line":11,"column":28},"end":{"line":11,"column":40}},"5":{"start":{"line":12,"column":28},"end":{"line":12,"column":40}},"6":{"start":{"line":13,"column":28},"end":{"line":13,"column":40}},"7":{"start":{"line":14,"column":38},"end":{"line":14,"column":53}},"8":{"start":{"line":15,"column":34},"end":{"line":15,"column":49}},"9":{"start":{"line":21,"column":4},"end":{"line":23,"column":25}},"10":{"start":{"line":22,"column":4},"end":{"line":22,"column":33}},"11":{"start":{"line":25,"column":21},"end":{"line":25,"column":34}},"12":{"start":{"line":27,"column":25},"end":{"line":57,"column":5}},"13":{"start":{"line":28,"column":8},"end":{"line":28,"column":26}},"14":{"start":{"line":29,"column":8},"end":{"line":29,"column":27}},"15":{"start":{"line":31,"column":28},"end":{"line":31,"column":89}},"16":{"start":{"line":33,"column":25},"end":{"line":39,"column":10}},"17":{"start":{"line":41,"column":8},"end":{"line":56,"column":9}},"18":{"start":{"line":42,"column":12},"end":{"line":42,"column":29}},"19":{"start":{"line":43,"column":12},"end":{"line":43,"column":33}},"20":{"start":{"line":44,"column":41},"end":{"line":44,"column":62}},"21":{"start":{"line":45,"column":12},"end":{"line":48,"column":15}},"22":{"start":{"line":45,"column":42},"end":{"line":48,"column":13}},"23":{"start":{"line":49,"column":12},"end":{"line":53,"column":13}},"24":{"start":{"line":52,"column":16},"end":{"line":52,"column":60}},"25":{"start":{"line":55,"column":12},"end":{"line":55,"column":43}},"26":{"start":{"line":59,"column":4},"end":{"line":180,"column":5}},"27":{"start":{"line":71,"column":41},"end":{"line":71,"column":64}},"28":{"start":{"line":82,"column":41},"end":{"line":82,"column":65}},"29":{"start":{"line":93,"column":41},"end":{"line":93,"column":65}},"30":{"start":{"line":105,"column":45},"end":{"line":105,"column":68}},"31":{"start":{"line":114,"column":45},"end":{"line":114,"column":80}},"32":{"start":{"line":138,"column":49},"end":{"line":138,"column":72}},"33":{"start":{"line":171,"column":41},"end":{"line":171,"column":64}}},"fnMap":{"0":{"name":"NewBookingForm","decl":{"start":{"line":6,"column":9},"end":{"line":6,"column":23}},"loc":{"start":{"line":6,"column":99},"end":{"line":181,"column":1}},"line":6},"1":{"name":"(anonymous_1)","decl":{"start":{"line":21,"column":14},"end":{"line":21,"column":15}},"loc":{"start":{"line":21,"column":20},"end":{"line":23,"column":5}},"line":21},"2":{"name":"(anonymous_2)","decl":{"start":{"line":27,"column":25},"end":{"line":27,"column":26}},"loc":{"start":{"line":27,"column":38},"end":{"line":57,"column":5}},"line":27},"3":{"name":"(anonymous_3)","decl":{"start":{"line":45,"column":24},"end":{"line":45,"column":25}},"loc":{"start":{"line":45,"column":42},"end":{"line":48,"column":13}},"line":45},"4":{"name":"(anonymous_4)","decl":{"start":{"line":71,"column":34},"end":{"line":71,"column":35}},"loc":{"start":{"line":71,"column":41},"end":{"line":71,"column":64}},"line":71},"5":{"name":"(anonymous_5)","decl":{"start":{"line":82,"column":34},"end":{"line":82,"column":35}},"loc":{"start":{"line":82,"column":41},"end":{"line":82,"column":65}},"line":82},"6":{"name":"(anonymous_6)","decl":{"start":{"line":93,"column":34},"end":{"line":93,"column":35}},"loc":{"start":{"line":93,"column":41},"end":{"line":93,"column":65}},"line":93},"7":{"name":"(anonymous_7)","decl":{"start":{"line":105,"column":38},"end":{"line":105,"column":39}},"loc":{"start":{"line":105,"column":45},"end":{"line":105,"column":68}},"line":105},"8":{"name":"(anonymous_8)","decl":{"start":{"line":114,"column":38},"end":{"line":114,"column":39}},"loc":{"start":{"line":114,"column":45},"end":{"line":114,"column":80}},"line":114},"9":{"name":"(anonymous_9)","decl":{"start":{"line":138,"column":42},"end":{"line":138,"column":43}},"loc":{"start":{"line":138,"column":49},"end":{"line":138,"column":72}},"line":138},"10":{"name":"(anonymous_10)","decl":{"start":{"line":171,"column":34},"end":{"line":171,"column":35}},"loc":{"start":{"line":171,"column":41},"end":{"line":171,"column":64}},"line":171}},"branchMap":{"0":{"loc":{"start":{"line":22,"column":15},"end":{"line":22,"column":31}},"type":"binary-expr","locations":[{"start":{"line":22,"column":15},"end":{"line":22,"column":23}},{"start":{"line":22,"column":27},"end":{"line":22,"column":31}}],"line":22},"1":{"loc":{"start":{"line":41,"column":8},"end":{"line":56,"column":9}},"type":"if","locations":[{"start":{"line":41,"column":8},"end":{"line":56,"column":9}},{"start":{"line":54,"column":15},"end":{"line":56,"column":9}}],"line":41},"2":{"loc":{"start":{"line":49,"column":12},"end":{"line":53,"column":13}},"type":"if","locations":[{"start":{"line":49,"column":12},"end":{"line":53,"column":13}},{"start":{"line":51,"column":19},"end":{"line":53,"column":13}}],"line":49},"3":{"loc":{"start":{"line":49,"column":16},"end":{"line":49,"column":42}},"type":"binary-expr","locations":[{"start":{"line":49,"column":16},"end":{"line":49,"column":24}},{"start":{"line":49,"column":28},"end":{"line":49,"column":42}}],"line":49},"4":{"loc":{"start":{"line":113,"column":35},"end":{"line":113,"column":66}},"type":"binary-expr","locations":[{"start":{"line":113,"column":35},"end":{"line":113,"column":43}},{"start":{"line":113,"column":47},"end":{"line":113,"column":66}}],"line":113},"5":{"loc":{"start":{"line":137,"column":39},"end":{"line":137,"column":53}},"type":"binary-expr","locations":[{"start":{"line":137,"column":39},"end":{"line":137,"column":43}},{"start":{"line":137,"column":47},"end":{"line":137,"column":53}}],"line":137}},"s":{"0":17,"1":17,"2":17,"3":17,"4":17,"5":17,"6":17,"7":17,"8":17,"9":17,"10":5,"11":17,"12":17,"13":1,"14":1,"15":1,"16":1,"17":1,"18":1,"19":1,"20":1,"21":1,"22":0,"23":1,"24":1,"25":0,"26":17,"27":1,"28":1,"29":1,"30":1,"31":1,"32":1,"33":1},"f":{"0":17,"1":5,"2":1,"3":0,"4":1,"5":1,"6":1,"7":1,"8":1,"9":1,"10":1},"b":{"0":[5,2],"1":[1,0],"2":[0,1],"3":[1,0],"4":[17,10],"5":[17,12]},"_coverageSchema":"1a1c01bbd47fc00a2c39e90264f33305004495a9","hash":"7a50ad23276b2ec8989a8b3dc068576683cd59f5"}
,"/Users/lorenzomasselli/code/LorenzoMasselli/react-restaurant-frontend/frontend/src/features/bookings/pages/NewBookingFormPage.jsx": {"path":"/Users/lorenzomasselli/code/LorenzoMasselli/react-restaurant-frontend/frontend/src/features/bookings/pages/NewBookingFormPage.jsx","statementMap":{"0":{"start":{"line":7,"column":4},"end":{"line":11,"column":5}}},"fnMap":{"0":{"name":"NewBookingFormPage","decl":{"start":{"line":4,"column":9},"end":{"line":4,"column":27}},"loc":{"start":{"line":4,"column":52},"end":{"line":12,"column":1}},"line":4}},"branchMap":{},"s":{"0":1},"f":{"0":1},"b":{},"_coverageSchema":"1a1c01bbd47fc00a2c39e90264f33305004495a9","hash":"9e2b1c3d4dec0ebd7939551be7ad119c9df7e446"}
,"/Users/lorenzomasselli/code/LorenzoMasselli/react-restaurant-frontend/frontend/src/features/navbar/Navbar.jsx": {"path":"/Users/lorenzomasselli/code/LorenzoMasselli/react-restaurant-frontend/frontend/src/features/navbar/Navbar.jsx","statementMap":{"0":{"start":{"line":8,"column":25},"end":{"line":8,"column":38}},"1":{"start":{"line":11,"column":4},"end":{"line":43,"column":5}},"2":{"start":{"line":37,"column":53},"end":{"line":37,"column":72}},"3":{"start":{"line":47,"column":0},"end":{"line":51,"column":2}}},"fnMap":{"0":{"name":"Navbar","decl":{"start":{"line":7,"column":9},"end":{"line":7,"column":15}},"loc":{"start":{"line":7,"column":74},"end":{"line":45,"column":1}},"line":7},"1":{"name":"(anonymous_1)","decl":{"start":{"line":37,"column":45},"end":{"line":37,"column":46}},"loc":{"start":{"line":37,"column":51},"end":{"line":37,"column":74}},"line":37}},"branchMap":{"0":{"loc":{"start":{"line":12,"column":67},"end":{"line":12,"column":141}},"type":"cond-expr","locations":[{"start":{"line":12,"column":126},"end":{"line":12,"column":132}},{"start":{"line":12,"column":135},"end":{"line":12,"column":141}}],"line":12},"1":{"loc":{"start":{"line":13,"column":87},"end":{"line":13,"column":153}},"type":"cond-expr","locations":[{"start":{"line":13,"column":104},"end":{"line":13,"column":125}},{"start":{"line":13,"column":127},"end":{"line":13,"column":153}}],"line":13},"2":{"loc":{"start":{"line":19,"column":87},"end":{"line":19,"column":117}},"type":"cond-expr","locations":[{"start":{"line":19,"column":102},"end":{"line":19,"column":109}},{"start":{"line":19,"column":111},"end":{"line":19,"column":117}}],"line":19},"3":{"loc":{"start":{"line":22,"column":25},"end":{"line":28,"column":31}},"type":"cond-expr","locations":[{"start":{"line":23,"column":28},"end":{"line":27,"column":31}},{"start":{"line":28,"column":27},"end":{"line":28,"column":31}}],"line":22},"4":{"loc":{"start":{"line":22,"column":25},"end":{"line":22,"column":51}},"type":"binary-expr","locations":[{"start":{"line":22,"column":25},"end":{"line":22,"column":33}},{"start":{"line":22,"column":37},"end":{"line":22,"column":51}}],"line":22}},"s":{"0":10,"1":10,"2":1,"3":1},"f":{"0":10,"1":1},"b":{"0":[9,1],"1":[0,10],"2":[0,10],"3":[4,6],"4":[10,5]},"_coverageSchema":"1a1c01bbd47fc00a2c39e90264f33305004495a9","hash":"75a5eb9ee6020f049d02530854a8ce176c2138ff"}
}
