TN:
SF:src/features/admin/user/User.jsx
FN:8,(anonymous_0)
FNF:1
FNH:1
FNDA:5,(anonymous_0)
DA:8,2
DA:10,5
DA:11,1
DA:21,4
LF:4
LH:4
BRDA:10,0,0,1
BRDA:10,0,1,4
BRF:2
BRH:2
end_of_record
TN:
SF:src/features/appRoutes/AppRoutes.jsx
FN:10,NotFoundRedirect
FN:12,(anonymous_1)
FN:19,AppRoutes
FNF:3
FNH:3
FNDA:1,NotFoundRedirect
FNDA:1,(anonymous_1)
FNDA:4,AppRoutes
DA:11,1
DA:12,1
DA:13,1
DA:16,1
DA:20,4
LF:5
LH:5
BRDA:24,0,0,1
BRDA:24,0,1,3
BRDA:24,1,0,4
BRDA:24,1,1,1
BRF:4
BRH:4
end_of_record
TN:
SF:src/features/bookings/forms/NewBookingForm.jsx
FN:6,NewBookingForm
FN:21,(anonymous_1)
FN:27,(anonymous_2)
FN:45,(anonymous_3)
FN:71,(anonymous_4)
FN:82,(anonymous_5)
FN:93,(anonymous_6)
FN:105,(anonymous_7)
FN:114,(anonymous_8)
FN:138,(anonymous_9)
FN:171,(anonymous_10)
FNF:11
FNH:10
FNDA:17,NewBookingForm
FNDA:5,(anonymous_1)
FNDA:1,(anonymous_2)
FNDA:0,(anonymous_3)
FNDA:1,(anonymous_4)
FNDA:1,(anonymous_5)
FNDA:1,(anonymous_6)
FNDA:1,(anonymous_7)
FNDA:1,(anonymous_8)
FNDA:1,(anonymous_9)
FNDA:1,(anonymous_10)
DA:7,17
DA:8,17
DA:9,17
DA:10,17
DA:11,17
DA:12,17
DA:13,17
DA:14,17
DA:15,17
DA:21,17
DA:22,5
DA:25,17
DA:27,17
DA:28,1
DA:29,1
DA:31,1
DA:33,1
DA:41,1
DA:42,1
DA:43,1
DA:44,1
DA:45,1
DA:49,1
DA:52,1
DA:55,0
DA:59,17
DA:71,1
DA:82,1
DA:93,1
DA:105,1
DA:114,1
DA:138,1
DA:171,1
LF:33
LH:32
BRDA:22,0,0,5
BRDA:22,0,1,2
BRDA:41,1,0,1
BRDA:41,1,1,0
BRDA:49,2,0,0
BRDA:49,2,1,1
BRDA:49,3,0,1
BRDA:49,3,1,0
BRDA:113,4,0,17
BRDA:113,4,1,10
BRDA:137,5,0,17
BRDA:137,5,1,12
BRF:12
BRH:9
end_of_record
TN:
SF:src/features/bookings/pages/NewBookingFormPage.jsx
FN:4,NewBookingFormPage
FNF:1
FNH:1
FNDA:1,NewBookingFormPage
DA:7,1
LF:1
LH:1
BRF:0
BRH:0
end_of_record
TN:
SF:src/features/navbar/Navbar.jsx
FN:7,Navbar
FN:37,(anonymous_1)
FNF:2
FNH:2
FNDA:10,Navbar
FNDA:1,(anonymous_1)
DA:8,10
DA:11,10
DA:37,1
DA:47,1
LF:4
LH:4
BRDA:12,0,0,9
BRDA:12,0,1,1
BRDA:13,1,0,0
BRDA:13,1,1,10
BRDA:19,2,0,0
BRDA:19,2,1,10
BRDA:22,3,0,4
BRDA:22,3,1,6
BRDA:22,4,0,10
BRDA:22,4,1,5
BRF:10
BRH:8
end_of_record
